This file contains any messages produced by compilers while
running configure, to aid debugging if configure makes a mistake.

It was created by myapp configure 0.0.0, which was
generated by GNU Autoconf 2.69.  Invocation command line was

  $ ./configure 

## --------- ##
## Platform. ##
## --------- ##

hostname = tsa
uname -m = x86_64
uname -r = 3.5.0-19-generic
uname -s = Linux
uname -v = #30-Ubuntu SMP Tue Nov 13 17:48:01 UTC 2012

/usr/bin/uname -p = unknown
/bin/uname -X     = unknown

/bin/arch              = unknown
/usr/bin/arch -k       = unknown
/usr/convex/getsysinfo = unknown
/usr/bin/hostinfo      = unknown
/bin/machine           = unknown
/usr/bin/oslevel       = unknown
/bin/universe          = unknown

PATH: /opt/e17/bin
PATH: /home/craig/bin
PATH: /usr/lib/lightdm/lightdm
PATH: /usr/local/sbin
PATH: /usr/local/bin
PATH: /usr/sbin
PATH: /usr/bin
PATH: /sbin
PATH: /bin
PATH: /usr/games
PATH: /usr/local/games
PATH: /home/craig/dev/android-sdk-linux_86/platform-tools
PATH: /home/craig/dev/hg/go/bin
PATH: /home/craig/.rvm/bin
PATH: /home/craig/.rvm/bin
PATH: /home/craig/dev/git/metasploit-framework


## ----------- ##
## Core tests. ##
## ----------- ##

configure:1849: checking for gcc
configure:1865: found /usr/bin/gcc
configure:1876: result: gcc
configure:2105: checking for C compiler version
configure:2114: gcc --version >&5
gcc (Ubuntu/Linaro 4.7.2-2ubuntu1) 4.7.2
Copyright (C) 2012 Free Software Foundation, Inc.
This is free software; see the source for copying conditions.  There is NO
warranty; not even for MERCHANTABILITY or FITNESS FOR A PARTICULAR PURPOSE.

configure:2125: $? = 0
configure:2114: gcc -v >&5
Using built-in specs.
COLLECT_GCC=gcc
COLLECT_LTO_WRAPPER=/usr/lib/gcc/x86_64-linux-gnu/4.7/lto-wrapper
Target: x86_64-linux-gnu
Configured with: ../src/configure -v --with-pkgversion='Ubuntu/Linaro 4.7.2-2ubuntu1' --with-bugurl=file:///usr/share/doc/gcc-4.7/README.Bugs --enable-languages=c,c++,go,fortran,objc,obj-c++ --prefix=/usr --program-suffix=-4.7 --enable-shared --enable-linker-build-id --with-system-zlib --libexecdir=/usr/lib --without-included-gettext --enable-threads=posix --with-gxx-include-dir=/usr/include/c++/4.7 --libdir=/usr/lib --enable-nls --with-sysroot=/ --enable-clocale=gnu --enable-libstdcxx-debug --enable-libstdcxx-time=yes --enable-gnu-unique-object --enable-plugin --enable-objc-gc --disable-werror --with-arch-32=i686 --with-tune=generic --enable-checking=release --build=x86_64-linux-gnu --host=x86_64-linux-gnu --target=x86_64-linux-gnu
Thread model: posix
gcc version 4.7.2 (Ubuntu/Linaro 4.7.2-2ubuntu1) 
configure:2125: $? = 0
configure:2114: gcc -V >&5
gcc: error: unrecognized command line option '-V'
gcc: fatal error: no input files
compilation terminated.
configure:2125: $? = 4
configure:2114: gcc -qversion >&5
gcc: error: unrecognized command line option '-qversion'
gcc: fatal error: no input files
compilation terminated.
configure:2125: $? = 4
configure:2145: checking whether the C compiler works
configure:2167: gcc    conftest.c  >&5
configure:2171: $? = 0
configure:2219: result: yes
configure:2222: checking for C compiler default output file name
configure:2224: result: a.out
configure:2230: checking for suffix of executables
configure:2237: gcc -o conftest    conftest.c  >&5
configure:2241: $? = 0
configure:2263: result: 
configure:2285: checking whether we are cross compiling
configure:2293: gcc -o conftest    conftest.c  >&5
configure:2297: $? = 0
configure:2304: ./conftest
configure:2308: $? = 0
configure:2323: result: no
configure:2328: checking for suffix of object files
configure:2350: gcc -c   conftest.c >&5
configure:2354: $? = 0
configure:2375: result: o
configure:2379: checking whether we are using the GNU C compiler
configure:2398: gcc -c   conftest.c >&5
configure:2398: $? = 0
configure:2407: result: yes
configure:2416: checking whether gcc accepts -g
configure:2436: gcc -c -g  conftest.c >&5
configure:2436: $? = 0
configure:2477: result: yes
configure:2494: checking for gcc option to accept ISO C89
configure:2557: gcc  -c -g -O2  conftest.c >&5
configure:2557: $? = 0
configure:2570: result: none needed
configure:2635: checking for a BSD-compatible install
configure:2703: result: /usr/bin/install -c
configure:2714: checking whether build environment is sane
configure:2764: result: yes
configure:2905: checking for a thread-safe mkdir -p
configure:2944: result: /bin/mkdir -p
configure:2957: checking for gawk
configure:2987: result: no
configure:2957: checking for mawk
configure:2973: found /usr/bin/mawk
configure:2984: result: mawk
configure:2995: checking whether make sets $(MAKE)
configure:3017: result: yes
configure:3047: checking for style of include used by make
configure:3075: result: GNU
configure:3161: checking dependency style of gcc
configure:3272: result: gcc3
configure:3342: checking for pkg-config
configure:3360: found /usr/bin/pkg-config
configure:3372: result: /usr/bin/pkg-config
configure:3397: checking pkg-config is at least version 0.9.0
configure:3400: result: yes
configure:3410: checking for ELEMENTARY
configure:3417: $PKG_CONFIG --exists --print-errors "elementary"
configure:3420: $? = 0
configure:3434: $PKG_CONFIG --exists --print-errors "elementary"
configure:3437: $? = 0
configure:3495: result: yes
configure:3631: creating ./config.status

## ---------------------- ##
## Running config.status. ##
## ---------------------- ##

This file was extended by myapp config.status 0.0.0, which was
generated by GNU Autoconf 2.69.  Invocation command line was

  CONFIG_FILES    = 
  CONFIG_HEADERS  = 
  CONFIG_LINKS    = 
  CONFIG_COMMANDS = 
  $ ./config.status 

on tsa

config.status:846: creating Makefile
config.status:846: creating config.h
config.status:1027: config.h is unchanged
config.status:1075: executing depfiles commands

## ---------------- ##
## Cache variables. ##
## ---------------- ##

ac_cv_c_compiler_gnu=yes
ac_cv_env_CC_set=
ac_cv_env_CC_value=
ac_cv_env_CFLAGS_set=
ac_cv_env_CFLAGS_value=
ac_cv_env_CPPFLAGS_set=
ac_cv_env_CPPFLAGS_value=
ac_cv_env_ELEMENTARY_CFLAGS_set=
ac_cv_env_ELEMENTARY_CFLAGS_value=
ac_cv_env_ELEMENTARY_LIBS_set=
ac_cv_env_ELEMENTARY_LIBS_value=
ac_cv_env_LDFLAGS_set=
ac_cv_env_LDFLAGS_value=
ac_cv_env_LIBS_set=
ac_cv_env_LIBS_value=
ac_cv_env_PKG_CONFIG_LIBDIR_set=
ac_cv_env_PKG_CONFIG_LIBDIR_value=
ac_cv_env_PKG_CONFIG_PATH_set=set
ac_cv_env_PKG_CONFIG_PATH_value=/opt/e17/lib/pkgconfig:
ac_cv_env_PKG_CONFIG_set=
ac_cv_env_PKG_CONFIG_value=
ac_cv_env_build_alias_set=
ac_cv_env_build_alias_value=
ac_cv_env_host_alias_set=
ac_cv_env_host_alias_value=
ac_cv_env_target_alias_set=
ac_cv_env_target_alias_value=
ac_cv_objext=o
ac_cv_path_ac_pt_PKG_CONFIG=/usr/bin/pkg-config
ac_cv_path_install='/usr/bin/install -c'
ac_cv_path_mkdir=/bin/mkdir
ac_cv_prog_AWK=mawk
ac_cv_prog_ac_ct_CC=gcc
ac_cv_prog_cc_c89=
ac_cv_prog_cc_g=yes
ac_cv_prog_make_make_set=yes
am_cv_CC_dependencies_compiler_type=gcc3
pkg_cv_ELEMENTARY_CFLAGS='-I/opt/e17/include/elementary-1 -I/opt/e17/include/ethumb-1 -I/opt/e17/include/efreet-1 -I/opt/e17/include/e_dbus-1 -I/opt/e17/include/ecore-1 -I/opt/e17/include/emotion-1 -I/opt/e17/include/eio-1 -I/opt/e17/include/edje-1 -I/opt/e17/include/evas-1 -I/opt/e17/include/eet-1 -I/opt/e17/include/eina-1 -I/opt/e17/include/eina-1/eina -I/opt/e17/include/edbus-1/ -I/opt/e17/include/eo-1 -I/opt/e17/include/eeze-1 -I/opt/e17/include/ephysics-0 -I/opt/e17/include/embryo-1 -I/usr/include/p11-kit-1 -I/usr/include/glib-2.0 -I/usr/lib/x86_64-linux-gnu/glib-2.0/include -I/usr/include/dbus-1.0 -I/usr/lib/x86_64-linux-gnu/dbus-1.0/include -I/usr/include/libpng12 -I/usr/include/pixman-1 -I/usr/include/fribidi -I/usr/include/freetype2 -I/usr/include/lua5.1 -I/usr/include/bullet  '
pkg_cv_ELEMENTARY_LIBS='-pthread -L/opt/e17/lib -lelementary -lm -leet -levas -lecore -leina -leo -lecore_evas -lecore_file -lecore_input -ledje -lefreet -lefreet_mime -lefreet_trash -ledbus -ldbus-1 -lethumb_client -lecore_imf -lecore_con  '

## ----------------- ##
## Output variables. ##
## ----------------- ##

ACLOCAL='${SHELL} /home/craig/dev/CANiBUS/missing --run aclocal-1.11'
AMDEPBACKSLASH='\'
AMDEP_FALSE='#'
AMDEP_TRUE=''
AMTAR='$${TAR-tar}'
AUTOCONF='${SHELL} /home/craig/dev/CANiBUS/missing --run autoconf'
AUTOHEADER='${SHELL} /home/craig/dev/CANiBUS/missing --run autoheader'
AUTOMAKE='${SHELL} /home/craig/dev/CANiBUS/missing --run automake-1.11'
AWK='mawk'
CC='gcc'
CCDEPMODE='depmode=gcc3'
CFLAGS='-g -O2'
CPPFLAGS=''
CYGPATH_W='echo'
DEFS='-DHAVE_CONFIG_H'
DEPDIR='.deps'
ECHO_C=''
ECHO_N='-n'
ECHO_T=''
ELEMENTARY_CFLAGS='-I/opt/e17/include/elementary-1 -I/opt/e17/include/ethumb-1 -I/opt/e17/include/efreet-1 -I/opt/e17/include/e_dbus-1 -I/opt/e17/include/ecore-1 -I/opt/e17/include/emotion-1 -I/opt/e17/include/eio-1 -I/opt/e17/include/edje-1 -I/opt/e17/include/evas-1 -I/opt/e17/include/eet-1 -I/opt/e17/include/eina-1 -I/opt/e17/include/eina-1/eina -I/opt/e17/include/edbus-1/ -I/opt/e17/include/eo-1 -I/opt/e17/include/eeze-1 -I/opt/e17/include/ephysics-0 -I/opt/e17/include/embryo-1 -I/usr/include/p11-kit-1 -I/usr/include/glib-2.0 -I/usr/lib/x86_64-linux-gnu/glib-2.0/include -I/usr/include/dbus-1.0 -I/usr/lib/x86_64-linux-gnu/dbus-1.0/include -I/usr/include/libpng12 -I/usr/include/pixman-1 -I/usr/include/fribidi -I/usr/include/freetype2 -I/usr/include/lua5.1 -I/usr/include/bullet  '
ELEMENTARY_LIBS='-pthread -L/opt/e17/lib -lelementary -lm -leet -levas -lecore -leina -leo -lecore_evas -lecore_file -lecore_input -ledje -lefreet -lefreet_mime -lefreet_trash -ledbus -ldbus-1 -lethumb_client -lecore_imf -lecore_con  '
EXEEXT=''
INSTALL_DATA='${INSTALL} -m 644'
INSTALL_PROGRAM='${INSTALL}'
INSTALL_SCRIPT='${INSTALL}'
INSTALL_STRIP_PROGRAM='$(install_sh) -c -s'
LDFLAGS=''
LIBOBJS=''
LIBS=''
LTLIBOBJS=''
MAKEINFO='${SHELL} /home/craig/dev/CANiBUS/missing --run makeinfo'
MKDIR_P='/bin/mkdir -p'
OBJEXT='o'
PACKAGE='myapp'
PACKAGE_BUGREPORT='myname@mydomain.com'
PACKAGE_NAME='myapp'
PACKAGE_STRING='myapp 0.0.0'
PACKAGE_TARNAME='myapp'
PACKAGE_URL=''
PACKAGE_VERSION='0.0.0'
PATH_SEPARATOR=':'
PKG_CONFIG='/usr/bin/pkg-config'
PKG_CONFIG_LIBDIR=''
PKG_CONFIG_PATH='/opt/e17/lib/pkgconfig:'
SET_MAKE=''
SHELL='/bin/bash'
STRIP=''
VERSION='0.0.0'
ac_ct_CC='gcc'
am__EXEEXT_FALSE=''
am__EXEEXT_TRUE='#'
am__fastdepCC_FALSE='#'
am__fastdepCC_TRUE=''
am__include='include'
am__isrc=''
am__leading_dot='.'
am__nodep='_no'
am__quote=''
am__tar='$${TAR-tar} chof - "$$tardir"'
am__untar='$${TAR-tar} xf -'
bindir='${exec_prefix}/bin'
build_alias=''
datadir='${datarootdir}'
datarootdir='${prefix}/share'
docdir='${datarootdir}/doc/${PACKAGE_TARNAME}'
dvidir='${docdir}'
exec_prefix='${prefix}'
host_alias=''
htmldir='${docdir}'
includedir='${prefix}/include'
infodir='${datarootdir}/info'
install_sh='${SHELL} /home/craig/dev/CANiBUS/install-sh'
libdir='${exec_prefix}/lib'
libexecdir='${exec_prefix}/libexec'
localedir='${datarootdir}/locale'
localstatedir='${prefix}/var'
mandir='${datarootdir}/man'
mkdir_p='/bin/mkdir -p'
oldincludedir='/usr/include'
pdfdir='${docdir}'
prefix='/usr/local'
program_transform_name='s,x,x,'
psdir='${docdir}'
sbindir='${exec_prefix}/sbin'
sharedstatedir='${prefix}/com'
sysconfdir='${prefix}/etc'
target_alias=''

## ----------- ##
## confdefs.h. ##
## ----------- ##

/* confdefs.h */
#define PACKAGE_NAME "myapp"
#define PACKAGE_TARNAME "myapp"
#define PACKAGE_VERSION "0.0.0"
#define PACKAGE_STRING "myapp 0.0.0"
#define PACKAGE_BUGREPORT "myname@mydomain.com"
#define PACKAGE_URL ""
#define PACKAGE "myapp"
#define VERSION "0.0.0"

configure: exit 0
