This file contains any messages produced by compilers while
running configure, to aid debugging if configure makes a mistake.

It was created by src/main.cc configure 0.1, which was
generated by GNU Autoconf 2.67.  Invocation command line was

  $ ./configure 

## --------- ##
## Platform. ##
## --------- ##

hostname = tsa
uname -m = x86_64
uname -r = 3.5.0-21-generic
uname -s = Linux
uname -v = #32-Ubuntu SMP Tue Dec 11 18:51:59 UTC 2012

/usr/bin/uname -p = unknown
/bin/uname -X     = unknown

/bin/arch              = unknown
/usr/bin/arch -k       = unknown
/usr/convex/getsysinfo = unknown
/usr/bin/hostinfo      = unknown
/bin/machine           = unknown
/usr/bin/oslevel       = unknown
/bin/universe          = unknown

PATH: /opt/e17/bin
PATH: /home/craig/bin
PATH: /usr/lib/lightdm/lightdm
PATH: /usr/local/sbin
PATH: /usr/local/bin
PATH: /usr/sbin
PATH: /usr/bin
PATH: /sbin
PATH: /bin
PATH: /usr/games
PATH: /usr/local/games
PATH: /home/craig/dev/android-sdk-linux_86/platform-tools
PATH: /home/craig/dev/hg/go/bin
PATH: /home/craig/.rvm/bin
PATH: /home/craig/.rvm/bin
PATH: /home/craig/dev/git/metasploit-framework


## ----------- ##
## Core tests. ##
## ----------- ##

configure:2041: checking for a BSD-compatible install
configure:2109: result: /usr/bin/install -c
configure:2120: checking whether build environment is sane
configure:2170: result: yes
configure:2311: checking for a thread-safe mkdir -p
configure:2350: result: /bin/mkdir -p
configure:2363: checking for gawk
configure:2393: result: no
configure:2363: checking for mawk
configure:2379: found /usr/bin/mawk
configure:2390: result: mawk
configure:2401: checking whether make sets $(MAKE)
configure:2423: result: yes
configure:2569: checking for g++
configure:2585: found /usr/bin/g++
configure:2596: result: g++
configure:2623: checking for C++ compiler version
configure:2632: g++ --version >&5
g++ (Ubuntu/Linaro 4.7.2-2ubuntu1) 4.7.2
Copyright (C) 2012 Free Software Foundation, Inc.
This is free software; see the source for copying conditions.  There is NO
warranty; not even for MERCHANTABILITY or FITNESS FOR A PARTICULAR PURPOSE.

configure:2643: $? = 0
configure:2632: g++ -v >&5
Using built-in specs.
COLLECT_GCC=g++
COLLECT_LTO_WRAPPER=/usr/lib/gcc/x86_64-linux-gnu/4.7/lto-wrapper
Target: x86_64-linux-gnu
Configured with: ../src/configure -v --with-pkgversion='Ubuntu/Linaro 4.7.2-2ubuntu1' --with-bugurl=file:///usr/share/doc/gcc-4.7/README.Bugs --enable-languages=c,c++,go,fortran,objc,obj-c++ --prefix=/usr --program-suffix=-4.7 --enable-shared --enable-linker-build-id --with-system-zlib --libexecdir=/usr/lib --without-included-gettext --enable-threads=posix --with-gxx-include-dir=/usr/include/c++/4.7 --libdir=/usr/lib --enable-nls --with-sysroot=/ --enable-clocale=gnu --enable-libstdcxx-debug --enable-libstdcxx-time=yes --enable-gnu-unique-object --enable-plugin --enable-objc-gc --disable-werror --with-arch-32=i686 --with-tune=generic --enable-checking=release --build=x86_64-linux-gnu --host=x86_64-linux-gnu --target=x86_64-linux-gnu
Thread model: posix
gcc version 4.7.2 (Ubuntu/Linaro 4.7.2-2ubuntu1) 
configure:2643: $? = 0
configure:2632: g++ -V >&5
g++: error: unrecognized command line option '-V'
g++: fatal error: no input files
compilation terminated.
configure:2643: $? = 4
configure:2632: g++ -qversion >&5
g++: error: unrecognized command line option '-qversion'
g++: fatal error: no input files
compilation terminated.
configure:2643: $? = 4
configure:2663: checking whether the C++ compiler works
configure:2685: g++    conftest.cpp  >&5
configure:2689: $? = 0
configure:2737: result: yes
configure:2740: checking for C++ compiler default output file name
configure:2742: result: a.out
configure:2748: checking for suffix of executables
configure:2755: g++ -o conftest    conftest.cpp  >&5
configure:2759: $? = 0
configure:2781: result: 
configure:2803: checking whether we are cross compiling
configure:2811: g++ -o conftest    conftest.cpp  >&5
configure:2815: $? = 0
configure:2822: ./conftest
configure:2826: $? = 0
configure:2841: result: no
configure:2846: checking for suffix of object files
configure:2868: g++ -c   conftest.cpp >&5
configure:2872: $? = 0
configure:2893: result: o
configure:2897: checking whether we are using the GNU C++ compiler
configure:2916: g++ -c   conftest.cpp >&5
configure:2916: $? = 0
configure:2925: result: yes
configure:2934: checking whether g++ accepts -g
configure:2954: g++ -c -g  conftest.cpp >&5
configure:2954: $? = 0
configure:2995: result: yes
configure:3029: checking for style of include used by make
configure:3057: result: GNU
configure:3082: checking dependency style of g++
configure:3192: result: gcc3
configure:3215: checking how to run the C++ preprocessor
configure:3242: g++ -E  conftest.cpp
configure:3242: $? = 0
configure:3256: g++ -E  conftest.cpp
conftest.cpp:11:28: fatal error: ac_nonexistent.h: No such file or directory
compilation terminated.
configure:3256: $? = 1
configure: failed program was:
| /* confdefs.h */
| #define PACKAGE_NAME "src/main.cc"
| #define PACKAGE_TARNAME "CANiBUS"
| #define PACKAGE_VERSION "0.1"
| #define PACKAGE_STRING "src/main.cc 0.1"
| #define PACKAGE_BUGREPORT "og@opengarages.org"
| #define PACKAGE_URL "http://opengarages.org/"
| #define PACKAGE "canibusd"
| #define VERSION "0.0.1"
| /* end confdefs.h.  */
| #include <ac_nonexistent.h>
configure:3281: result: g++ -E
configure:3301: g++ -E  conftest.cpp
configure:3301: $? = 0
configure:3315: g++ -E  conftest.cpp
conftest.cpp:11:28: fatal error: ac_nonexistent.h: No such file or directory
compilation terminated.
configure:3315: $? = 1
configure: failed program was:
| /* confdefs.h */
| #define PACKAGE_NAME "src/main.cc"
| #define PACKAGE_TARNAME "CANiBUS"
| #define PACKAGE_VERSION "0.1"
| #define PACKAGE_STRING "src/main.cc 0.1"
| #define PACKAGE_BUGREPORT "og@opengarages.org"
| #define PACKAGE_URL "http://opengarages.org/"
| #define PACKAGE "canibusd"
| #define VERSION "0.0.1"
| /* end confdefs.h.  */
| #include <ac_nonexistent.h>
configure:3344: checking for grep that handles long lines and -e
configure:3402: result: /bin/grep
configure:3407: checking for egrep
configure:3469: result: /bin/grep -E
configure:3474: checking for ANSI C header files
configure:3494: g++ -c -g -O2  conftest.cpp >&5
configure:3494: $? = 0
configure:3567: g++ -o conftest -g -O2   conftest.cpp  >&5
configure:3567: $? = 0
configure:3567: ./conftest
configure:3567: $? = 0
configure:3578: result: yes
configure:3591: checking for sys/types.h
configure:3591: g++ -c -g -O2  conftest.cpp >&5
configure:3591: $? = 0
configure:3591: result: yes
configure:3591: checking for sys/stat.h
configure:3591: g++ -c -g -O2  conftest.cpp >&5
configure:3591: $? = 0
configure:3591: result: yes
configure:3591: checking for stdlib.h
configure:3591: g++ -c -g -O2  conftest.cpp >&5
configure:3591: $? = 0
configure:3591: result: yes
configure:3591: checking for string.h
configure:3591: g++ -c -g -O2  conftest.cpp >&5
configure:3591: $? = 0
configure:3591: result: yes
configure:3591: checking for memory.h
configure:3591: g++ -c -g -O2  conftest.cpp >&5
configure:3591: $? = 0
configure:3591: result: yes
configure:3591: checking for strings.h
configure:3591: g++ -c -g -O2  conftest.cpp >&5
configure:3591: $? = 0
configure:3591: result: yes
configure:3591: checking for inttypes.h
configure:3591: g++ -c -g -O2  conftest.cpp >&5
configure:3591: $? = 0
configure:3591: result: yes
configure:3591: checking for stdint.h
configure:3591: g++ -c -g -O2  conftest.cpp >&5
configure:3591: $? = 0
configure:3591: result: yes
configure:3591: checking for unistd.h
configure:3591: g++ -c -g -O2  conftest.cpp >&5
configure:3591: $? = 0
configure:3591: result: yes
configure:3603: checking libcapsinetwork/listener.h usability
configure:3603: g++ -c -g -O2  conftest.cpp >&5
configure:3603: $? = 0
configure:3603: result: yes
configure:3603: checking libcapsinetwork/listener.h presence
configure:3603: g++ -E  conftest.cpp
configure:3603: $? = 0
configure:3603: result: yes
configure:3603: checking for libcapsinetwork/listener.h
configure:3603: result: yes
configure:3611: checking libcapsinetwork/socket.h usability
configure:3611: g++ -c -g -O2  conftest.cpp >&5
configure:3611: $? = 0
configure:3611: result: yes
configure:3611: checking libcapsinetwork/socket.h presence
configure:3611: g++ -E  conftest.cpp
configure:3611: $? = 0
configure:3611: result: yes
configure:3611: checking for libcapsinetwork/socket.h
configure:3611: result: yes
configure:3619: checking for libcapsinetwork/socket.h
configure:3619: result: yes
configure:3627: checking tinyxml.h usability
configure:3627: g++ -c -g -O2  conftest.cpp >&5
configure:3627: $? = 0
configure:3627: result: yes
configure:3627: checking tinyxml.h presence
configure:3627: g++ -E  conftest.cpp
configure:3627: $? = 0
configure:3627: result: yes
configure:3627: checking for tinyxml.h
configure:3627: result: yes
configure:3635: checking ncurses.h usability
configure:3635: g++ -c -g -O2  conftest.cpp >&5
configure:3635: $? = 0
configure:3635: result: yes
configure:3635: checking ncurses.h presence
configure:3635: g++ -E  conftest.cpp
configure:3635: $? = 0
configure:3635: result: yes
configure:3635: checking for ncurses.h
configure:3635: result: yes
configure:3765: creating ./config.status

## ---------------------- ##
## Running config.status. ##
## ---------------------- ##

This file was extended by src/main.cc config.status 0.1, which was
generated by GNU Autoconf 2.67.  Invocation command line was

  CONFIG_FILES    = 
  CONFIG_HEADERS  = 
  CONFIG_LINKS    = 
  CONFIG_COMMANDS = 
  $ ./config.status 

on tsa

config.status:859: creating Makefile
config.status:859: creating src/Makefile
config.status:859: creating client/Makefile
config.status:859: creating config.h
config.status:1039: config.h is unchanged
config.status:1087: executing depfiles commands

## ---------------- ##
## Cache variables. ##
## ---------------- ##

ac_cv_cxx_compiler_gnu=yes
ac_cv_env_CCC_set=
ac_cv_env_CCC_value=
ac_cv_env_CPPFLAGS_set=
ac_cv_env_CPPFLAGS_value=
ac_cv_env_CXXCPP_set=
ac_cv_env_CXXCPP_value=
ac_cv_env_CXXFLAGS_set=
ac_cv_env_CXXFLAGS_value=
ac_cv_env_CXX_set=
ac_cv_env_CXX_value=
ac_cv_env_LDFLAGS_set=
ac_cv_env_LDFLAGS_value=
ac_cv_env_LIBS_set=
ac_cv_env_LIBS_value=
ac_cv_env_build_alias_set=
ac_cv_env_build_alias_value=
ac_cv_env_host_alias_set=
ac_cv_env_host_alias_value=
ac_cv_env_target_alias_set=
ac_cv_env_target_alias_value=
ac_cv_header_inttypes_h=yes
ac_cv_header_libcapsinetwork_listener_h=yes
ac_cv_header_libcapsinetwork_socket_h=yes
ac_cv_header_memory_h=yes
ac_cv_header_ncurses_h=yes
ac_cv_header_stdc=yes
ac_cv_header_stdint_h=yes
ac_cv_header_stdlib_h=yes
ac_cv_header_string_h=yes
ac_cv_header_strings_h=yes
ac_cv_header_sys_stat_h=yes
ac_cv_header_sys_types_h=yes
ac_cv_header_tinyxml_h=yes
ac_cv_header_unistd_h=yes
ac_cv_objext=o
ac_cv_path_EGREP='/bin/grep -E'
ac_cv_path_GREP=/bin/grep
ac_cv_path_install='/usr/bin/install -c'
ac_cv_path_mkdir=/bin/mkdir
ac_cv_prog_AWK=mawk
ac_cv_prog_CXXCPP='g++ -E'
ac_cv_prog_ac_ct_CXX=g++
ac_cv_prog_cxx_g=yes
ac_cv_prog_make_make_set=yes
am_cv_CXX_dependencies_compiler_type=gcc3

## ----------------- ##
## Output variables. ##
## ----------------- ##

ACLOCAL='${SHELL} /home/craig/dev/CANiBUS/missing --run aclocal-1.11'
AMDEPBACKSLASH='\'
AMDEP_FALSE='#'
AMDEP_TRUE=''
AMTAR='${SHELL} /home/craig/dev/CANiBUS/missing --run tar'
AUTOCONF='${SHELL} /home/craig/dev/CANiBUS/missing --run autoconf'
AUTOHEADER='${SHELL} /home/craig/dev/CANiBUS/missing --run autoheader'
AUTOMAKE='${SHELL} /home/craig/dev/CANiBUS/missing --run automake-1.11'
AWK='mawk'
CPPFLAGS=''
CXX='g++'
CXXCPP='g++ -E'
CXXDEPMODE='depmode=gcc3'
CXXFLAGS='-g -O2'
CYGPATH_W='echo'
DEFS='-DHAVE_CONFIG_H'
DEPDIR='.deps'
ECHO_C=''
ECHO_N='-n'
ECHO_T=''
EGREP='/bin/grep -E'
EXEEXT=''
GREP='/bin/grep'
INSTALL_DATA='${INSTALL} -m 644'
INSTALL_PROGRAM='${INSTALL}'
INSTALL_SCRIPT='${INSTALL}'
INSTALL_STRIP_PROGRAM='$(install_sh) -c -s'
LDFLAGS=''
LIBOBJS=''
LIBS=''
LTLIBOBJS=''
MAKEINFO='${SHELL} /home/craig/dev/CANiBUS/missing --run makeinfo'
MKDIR_P='/bin/mkdir -p'
OBJEXT='o'
PACKAGE='canibusd'
PACKAGE_BUGREPORT='og@opengarages.org'
PACKAGE_NAME='src/main.cc'
PACKAGE_STRING='src/main.cc 0.1'
PACKAGE_TARNAME='CANiBUS'
PACKAGE_URL='http://opengarages.org/'
PACKAGE_VERSION='0.1'
PATH_SEPARATOR=':'
SET_MAKE=''
SHELL='/bin/bash'
STRIP=''
VERSION='0.0.1'
ac_ct_CXX='g++'
am__EXEEXT_FALSE=''
am__EXEEXT_TRUE='#'
am__fastdepCXX_FALSE='#'
am__fastdepCXX_TRUE=''
am__include='include'
am__isrc=''
am__leading_dot='.'
am__quote=''
am__tar='${AMTAR} chof - "$$tardir"'
am__untar='${AMTAR} xf -'
bindir='${exec_prefix}/bin'
build_alias=''
datadir='${datarootdir}'
datarootdir='${prefix}/share'
docdir='${datarootdir}/doc/${PACKAGE_TARNAME}'
dvidir='${docdir}'
exec_prefix='${prefix}'
host_alias=''
htmldir='${docdir}'
includedir='${prefix}/include'
infodir='${datarootdir}/info'
install_sh='${SHELL} /home/craig/dev/CANiBUS/install-sh'
libdir='${exec_prefix}/lib'
libexecdir='${exec_prefix}/libexec'
localedir='${datarootdir}/locale'
localstatedir='${prefix}/var'
mandir='${datarootdir}/man'
mkdir_p='/bin/mkdir -p'
oldincludedir='/usr/include'
pdfdir='${docdir}'
prefix='/usr/local'
program_transform_name='s,x,x,'
psdir='${docdir}'
sbindir='${exec_prefix}/sbin'
sharedstatedir='${prefix}/com'
sysconfdir='${prefix}/etc'
target_alias=''

## ----------- ##
## confdefs.h. ##
## ----------- ##

/* confdefs.h */
#define PACKAGE_NAME "src/main.cc"
#define PACKAGE_TARNAME "CANiBUS"
#define PACKAGE_VERSION "0.1"
#define PACKAGE_STRING "src/main.cc 0.1"
#define PACKAGE_BUGREPORT "og@opengarages.org"
#define PACKAGE_URL "http://opengarages.org/"
#define PACKAGE "canibusd"
#define VERSION "0.0.1"
#define STDC_HEADERS 1
#define HAVE_SYS_TYPES_H 1
#define HAVE_SYS_STAT_H 1
#define HAVE_STDLIB_H 1
#define HAVE_STRING_H 1
#define HAVE_MEMORY_H 1
#define HAVE_STRINGS_H 1
#define HAVE_INTTYPES_H 1
#define HAVE_STDINT_H 1
#define HAVE_UNISTD_H 1

configure: exit 0
